<?xml version="1.0" encoding="UTF-8"?>
<!-- Generated by org.testng.reporters.JUnitXMLReporter -->
<testsuite hostname="sintu_pc" ignored="0" name="Default test" tests="9" failures="0" timestamp="29 Apr 2020 19:51:10 GMT" time="0.494" errors="0">
  <testcase name="ww" time="0.08" classname="com.qa.test.Test_gg"/>
  <testcase name="a" time="0.023" classname="com.qa.test.Apium_Test$Selenium"/>
  <testcase name="b" time="0.011" classname="com.qa.test.Apium_Test$Selenium"/>
  <testcase name="a" time="0.071" classname="com.qa.test.Api$Selenium"/>
  <testcase name="b" time="0.007" classname="com.qa.test.Api$Selenium"/>
  <testcase name="a" time="0.018" classname="com.qa.test.Test_fsdf"/>
  <testcase name="b" time="0.006" classname="com.qa.test.Test_fsdf"/>
  <testcase name="a" time="0.004" classname="com.qa.test.Selenium"/>
  <testcase name="b" time="0.006" classname="com.qa.test.Selenium"/>
</testsuite> <!-- Default test -->
