<?xml version="1.0" encoding="UTF-8"?>
<testng-results skipped="0" failed="0" ignored="0" total="9" passed="9">
  <reporter-output>
  </reporter-output>
  <suite name="Test Maven Suite" duration-ms="118" started-at="2020-04-30T16:52:14 IST" finished-at="2020-04-30T16:52:14 IST">
    <groups>
    </groups>
    <test name="Test Maven Testing" duration-ms="118" started-at="2020-04-30T16:52:14 IST" finished-at="2020-04-30T16:52:14 IST">
      <class name="com.qa.test.Api$Selenium">
        <test-method status="PASS" signature="a()[pri:0, instance:com.qa.test.Api$Selenium@3d99d22e]" name="a" duration-ms="14" started-at="2020-04-30T16:52:14 IST" finished-at="2020-04-30T16:52:14 IST">
          <reporter-output>
          </reporter-output>
        </test-method> <!-- a -->
        <test-method status="PASS" signature="b()[pri:0, instance:com.qa.test.Api$Selenium@3d99d22e]" name="b" duration-ms="0" started-at="2020-04-30T16:52:14 IST" finished-at="2020-04-30T16:52:14 IST">
          <reporter-output>
          </reporter-output>
        </test-method> <!-- b -->
      </class> <!-- com.qa.test.Api$Selenium -->
      <class name="com.qa.test.Test_fsdf">
        <test-method status="PASS" signature="a()[pri:0, instance:com.qa.test.Test_fsdf@3a883ce7]" name="a" duration-ms="1" started-at="2020-04-30T16:52:14 IST" finished-at="2020-04-30T16:52:14 IST">
          <reporter-output>
          </reporter-output>
        </test-method> <!-- a -->
        <test-method status="PASS" signature="b()[pri:0, instance:com.qa.test.Test_fsdf@3a883ce7]" name="b" duration-ms="0" started-at="2020-04-30T16:52:14 IST" finished-at="2020-04-30T16:52:14 IST">
          <reporter-output>
          </reporter-output>
        </test-method> <!-- b -->
      </class> <!-- com.qa.test.Test_fsdf -->
      <class name="com.qa.test.Test_gg">
        <test-method status="PASS" signature="ww()[pri:0, instance:com.qa.test.Test_gg@4973813a]" name="ww" duration-ms="1" started-at="2020-04-30T16:52:14 IST" finished-at="2020-04-30T16:52:14 IST">
          <reporter-output>
          </reporter-output>
        </test-method> <!-- ww -->
      </class> <!-- com.qa.test.Test_gg -->
      <class name="com.qa.test.Selenium">
        <test-method status="PASS" signature="a()[pri:0, instance:com.qa.test.Selenium@cd2dae5]" name="a" duration-ms="0" started-at="2020-04-30T16:52:14 IST" finished-at="2020-04-30T16:52:14 IST">
          <reporter-output>
          </reporter-output>
        </test-method> <!-- a -->
        <test-method status="PASS" signature="b()[pri:0, instance:com.qa.test.Selenium@cd2dae5]" name="b" duration-ms="1" started-at="2020-04-30T16:52:14 IST" finished-at="2020-04-30T16:52:14 IST">
          <reporter-output>
          </reporter-output>
        </test-method> <!-- b -->
      </class> <!-- com.qa.test.Selenium -->
      <class name="com.qa.test.Apium_Test$Selenium">
        <test-method status="PASS" signature="a()[pri:0, instance:com.qa.test.Apium_Test$Selenium@49fc609f]" name="a" duration-ms="1" started-at="2020-04-30T16:52:14 IST" finished-at="2020-04-30T16:52:14 IST">
          <reporter-output>
          </reporter-output>
        </test-method> <!-- a -->
        <test-method status="PASS" signature="b()[pri:0, instance:com.qa.test.Apium_Test$Selenium@49fc609f]" name="b" duration-ms="1" started-at="2020-04-30T16:52:14 IST" finished-at="2020-04-30T16:52:14 IST">
          <reporter-output>
          </reporter-output>
        </test-method> <!-- b -->
      </class> <!-- com.qa.test.Apium_Test$Selenium -->
    </test> <!-- Test Maven Testing -->
  </suite> <!-- Test Maven Suite -->
</testng-results>
