<?xml version="1.0" encoding="UTF-8"?>
<!-- Generated by org.testng.reporters.JUnitXMLReporter -->
<testsuite hostname="sintu_pc" ignored="0" name="Surefire test" tests="5" failures="0" timestamp="2020-04-30T16:25:51 IST" time="0.238" errors="0">
  <testcase name="a" time="0.039" classname="com.qa.test.Apium_Test$Selenium"/>
  <testcase name="b" time="0.001" classname="com.qa.test.Apium_Test$Selenium"/>
  <testcase name="a" time="0.001" classname="com.qa.test.Test_fsdf"/>
  <testcase name="b" time="0.002" classname="com.qa.test.Test_fsdf"/>
  <testcase name="ww" time="0.001" classname="com.qa.test.Test_gg"/>
</testsuite> <!-- Surefire test -->
