<?xml version="1.0" encoding="UTF-8"?>
<testng-results skipped="0" failed="0" ignored="0" total="2" passed="2">
  <reporter-output>
  </reporter-output>
  <suite name="Surefire suite" duration-ms="186" started-at="2020-05-01T01:47:51 IST" finished-at="2020-05-01T01:47:51 IST">
    <groups>
    </groups>
    <test name="Surefire test" duration-ms="186" started-at="2020-05-01T01:47:51 IST" finished-at="2020-05-01T01:47:51 IST">
      <class name="Automation.Cucumber.Test_gfh">
        <test-method status="PASS" signature="maiyn()[pri:0, instance:Automation.Cucumber.Test_gfh@6093dd95]" name="maiyn" duration-ms="1" started-at="2020-05-01T01:47:51 IST" finished-at="2020-05-01T01:47:51 IST">
          <reporter-output>
          </reporter-output>
        </test-method> <!-- maiyn -->
      </class> <!-- Automation.Cucumber.Test_gfh -->
      <class name="Test_package.Test_abc">
        <test-method status="PASS" signature="maiyn()[pri:0, instance:Test_package.Test_abc@5622fdf]" name="maiyn" duration-ms="15" started-at="2020-05-01T01:47:51 IST" finished-at="2020-05-01T01:47:51 IST">
          <reporter-output>
          </reporter-output>
        </test-method> <!-- maiyn -->
      </class> <!-- Test_package.Test_abc -->
    </test> <!-- Surefire test -->
  </suite> <!-- Surefire suite -->
</testng-results>
