<?xml version="1.0" encoding="UTF-8"?>
<!-- Generated by org.testng.reporters.JUnitXMLReporter -->
<testsuite hostname="sintu_pc" ignored="0" name="Test Maven Testing" tests="9" failures="0" timestamp="2020-04-30T16:52:14 IST" time="0.118" errors="0">
  <testcase name="a" time="0.014" classname="com.qa.test.Api$Selenium"/>
  <testcase name="b" time="0.0" classname="com.qa.test.Api$Selenium"/>
  <testcase name="a" time="0.001" classname="com.qa.test.Apium_Test$Selenium"/>
  <testcase name="b" time="0.001" classname="com.qa.test.Apium_Test$Selenium"/>
  <testcase name="a" time="0.0" classname="com.qa.test.Selenium"/>
  <testcase name="b" time="0.001" classname="com.qa.test.Selenium"/>
  <testcase name="a" time="0.001" classname="com.qa.test.Test_fsdf"/>
  <testcase name="b" time="0.0" classname="com.qa.test.Test_fsdf"/>
  <testcase name="ww" time="0.001" classname="com.qa.test.Test_gg"/>
</testsuite> <!-- Test Maven Testing -->
